[2026-02-08 15:36:11] [INFO] Imagens listadas com sucesso {"user_id":1,"product_id":51,"count":1}
[2026-02-09 22:02:37] [INFO] Imagens listadas com sucesso {"user_id":7,"product_id":31,"count":1}
[2026-02-09 22:02:52] [INFO] Tentativa de upload de imagem {"user_id":7,"ip":"::1"}
[2026-02-09 22:02:52] [INFO] Arquivo salvo com sucesso {"product_id":31,"filename":"apontador-duplo.jpg","size":85814,"path":"C:\\xampp\\htdocs\\Dom_Bosco\\dom-bosco-api\\app\\Models\/..\/..\/public\/images\/products\/apontador-duplo.jpg"}
[2026-02-09 22:02:52] [INFO] Upload realizado com sucesso {"user_id":7,"product_id":"31","filename":"apontador-duplo.jpg","file_size":85814,"custom_name":"apontador-duplo.jpg"}
[2026-02-09 22:02:52] [INFO] Imagens listadas com sucesso {"user_id":7,"product_id":31,"count":2}
[2026-02-09 22:03:01] [INFO] Tentativa de upload de imagem {"user_id":7,"ip":"::1"}
[2026-02-09 22:03:02] [WARNING] Upload rejeitado: Tipo de arquivo não permitido {"product_id":31,"filename":"organizador-mesa.jpg","detected_mime":"image\/avif","allowed_mimes":["image\/jpeg","image\/png","image\/gif","image\/webp"]}
[2026-02-09 22:03:02] [ERROR] Upload falhou: Erro no processamento {"user_id":7,"product_id":"31","file":{"name":"organizador-mesa.jpg","size":42134,"type":"image\/jpeg"}}
[2026-02-09 22:03:09] [INFO] Tentativa de upload de imagem {"user_id":7,"ip":"::1"}
[2026-02-09 22:03:09] [WARNING] Upload rejeitado: Tipo de arquivo não permitido {"product_id":31,"filename":"organizador-mesa.jpg","detected_mime":"image\/avif","allowed_mimes":["image\/jpeg","image\/png","image\/gif","image\/webp"]}
[2026-02-09 22:03:09] [ERROR] Upload falhou: Erro no processamento {"user_id":7,"product_id":"31","file":{"name":"organizador-mesa.jpg","size":42134,"type":"image\/jpeg"}}
[2026-02-09 22:03:16] [INFO] Tentativa de upload de imagem {"user_id":7,"ip":"::1"}
[2026-02-09 22:03:16] [WARNING] Upload rejeitado: Tipo de arquivo não permitido {"product_id":31,"filename":"organizador-mesa.jpg","detected_mime":"image\/avif","allowed_mimes":["image\/jpeg","image\/png","image\/gif","image\/webp"]}
[2026-02-09 22:03:16] [ERROR] Upload falhou: Erro no processamento {"user_id":7,"product_id":"31","file":{"name":"organizador-mesa.jpg","size":42134,"type":"image\/jpeg"}}
[2026-02-09 22:03:41] [INFO] Tentativa de upload de imagem {"user_id":7,"ip":"::1"}
[2026-02-09 22:03:41] [INFO] Arquivo salvo com sucesso {"product_id":31,"filename":"pasta-sanfonada.jpg","size":14922,"path":"C:\\xampp\\htdocs\\Dom_Bosco\\dom-bosco-api\\app\\Models\/..\/..\/public\/images\/products\/pasta-sanfonada.jpg"}
[2026-02-09 22:03:41] [INFO] Upload realizado com sucesso {"user_id":7,"product_id":"31","filename":"pasta-sanfonada.jpg","file_size":14922,"custom_name":"pasta-sanfonada.jpg"}
[2026-02-09 22:03:41] [INFO] Imagens listadas com sucesso {"user_id":7,"product_id":31,"count":3}
[2026-02-09 22:04:06] [INFO] Imagens listadas com sucesso {"user_id":7,"product_id":31,"count":3}
[2026-02-09 22:25:32] [INFO] Imagens listadas com sucesso {"user_id":7,"product_id":52,"count":1}
[2026-02-09 22:30:14] [INFO] Imagens listadas com sucesso {"user_id":7,"product_id":51,"count":1}
[2026-02-09 22:30:18] [INFO] Imagens listadas com sucesso {"user_id":7,"product_id":50,"count":1}
[2026-02-09 22:48:57] [INFO] Imagens listadas com sucesso {"user_id":7,"product_id":51,"count":1}
[2026-02-09 22:49:18] [INFO] Imagens listadas com sucesso {"user_id":7,"product_id":51,"count":1}
[2026-02-09 22:55:58] [INFO] Imagens listadas com sucesso {"user_id":7,"product_id":52,"count":1}
[2026-02-09 23:51:56] [INFO] Imagens listadas com sucesso {"user_id":7,"product_id":52,"count":1}
[2026-02-10 00:02:06] [INFO] Imagens listadas com sucesso {"user_id":7,"product_id":52,"count":1}
[2026-02-11 01:44:15] [INFO] Imagens listadas com sucesso {"user_id":7,"product_id":52,"count":1}
